
=== Thu Oct 24 18:06:49 2024

Packages were changed.
Update Mode: updateDependencies

The following packages were updated:
  com.unity.collab-proxy from version 2.3.1 to 2.5.1
  com.unity.feature.2d from version 2.0.0 to 2.0.1
  com.unity.ide.rider from version 3.0.28 to 3.0.31
  com.unity.textmeshpro from version 3.0.6 to 3.0.7
  com.unity.visualscripting from version 1.9.2 to 1.9.4

=== Fri Oct 25 10:06:17 2024

Packages were changed.
Update Mode: updateDependencies

The following packages were updated:
  com.unity.collab-proxy from version 2.3.1 to 2.5.1
  com.unity.feature.2d from version 2.0.0 to 2.0.1
  com.unity.ide.rider from version 3.0.28 to 3.0.31
  com.unity.textmeshpro from version 3.0.6 to 3.0.7
  com.unity.visualscripting from version 1.9.2 to 1.9.4

=== Fri Oct 25 10:23:49 2024

Packages were changed.
Update Mode: updateDependencies

The following packages were updated:
  com.unity.collab-proxy from version 2.3.1 to 2.5.1
  com.unity.feature.2d from version 2.0.0 to 2.0.1
  com.unity.ide.rider from version 3.0.28 to 3.0.31
  com.unity.textmeshpro from version 3.0.6 to 3.0.7
  com.unity.visualscripting from version 1.9.2 to 1.9.4

=== Fri Oct 25 11:12:15 2024

Packages were changed.
Update Mode: updateDependencies

The following packages were updated:
  com.unity.collab-proxy from version 2.3.1 to 2.5.1
  com.unity.feature.2d from version 2.0.0 to 2.0.1
  com.unity.ide.rider from version 3.0.28 to 3.0.31
  com.unity.textmeshpro from version 3.0.6 to 3.0.7
  com.unity.visualscripting from version 1.9.2 to 1.9.4
